<?xml version="1.0" encoding="UTF-8"?>
<testsuite name="br.com.fiap.Gs.Gaia.GaiaApplicationTests" tests="1" skipped="0" failures="0" errors="0" timestamp="2025-05-28T11:41:02.668Z" hostname="PA303MICRO17" time="0.272">
  <properties/>
  <testcase name="contextLoads()" classname="br.com.fiap.Gs.Gaia.GaiaApplicationTests" time="0.272"/>
  <system-out><![CDATA[08:41:00.279 [Test worker] INFO org.springframework.test.context.support.AnnotationConfigContextLoaderUtils -- Could not detect default configuration classes for test class [br.com.fiap.Gs.Gaia.GaiaApplicationTests]: GaiaApplicationTests does not declare any static, non-private, non-final, nested classes annotated with @Configuration.
08:41:00.325 [Test worker] INFO org.springframework.boot.test.context.SpringBootTestContextBootstrapper -- Found @SpringBootConfiguration br.com.fiap.Gs.Gaia.GaiaApplication for test class br.com.fiap.Gs.Gaia.GaiaApplicationTests

  .   ____          _            __ _ _
 /\\ / ___'_ __ _ _(_)_ __  __ _ \ \ \ \
( ( )\___ | '_ | '_| | '_ \/ _` | \ \ \ \
 \\/  ___)| |_)| | | | | || (_| |  ) ) ) )
  '  |____| .__|_| |_|_| |_\__, | / / / /
 =========|_|==============|___/=/_/_/_/
 :: Spring Boot ::                (v3.2.6)

2025-05-28T08:41:00.510-03:00  INFO 13572 --- [Gaia] [    Test worker] b.com.fiap.Gs.Gaia.GaiaApplicationTests  : Starting GaiaApplicationTests using Java 18.0.2.1 with PID 13572 (started by labsfiap in C:\Users\labsfiap\Desktop\JAVA)
2025-05-28T08:41:00.511-03:00  INFO 13572 --- [Gaia] [    Test worker] b.com.fiap.Gs.Gaia.GaiaApplicationTests  : No active profile set, falling back to 1 default profile: "default"
2025-05-28T08:41:00.932-03:00  INFO 13572 --- [Gaia] [    Test worker] .s.d.r.c.RepositoryConfigurationDelegate : Bootstrapping Spring Data JPA repositories in DEFAULT mode.
2025-05-28T08:41:00.961-03:00  INFO 13572 --- [Gaia] [    Test worker] .s.d.r.c.RepositoryConfigurationDelegate : Finished Spring Data repository scanning in 25 ms. Found 3 JPA repository interfaces.
2025-05-28T08:41:01.205-03:00  INFO 13572 --- [Gaia] [    Test worker] com.zaxxer.hikari.HikariDataSource       : HikariPool-1 - Starting...
2025-05-28T08:41:01.307-03:00  INFO 13572 --- [Gaia] [    Test worker] com.zaxxer.hikari.pool.HikariPool        : HikariPool-1 - Added connection conn0: url=jdbc:h2:mem:36e103df-9d7c-4c69-9f6a-c77ed23a302c user=SA
2025-05-28T08:41:01.309-03:00  INFO 13572 --- [Gaia] [    Test worker] com.zaxxer.hikari.HikariDataSource       : HikariPool-1 - Start completed.
2025-05-28T08:41:01.341-03:00  INFO 13572 --- [Gaia] [    Test worker] o.hibernate.jpa.internal.util.LogHelper  : HHH000204: Processing PersistenceUnitInfo [name: default]
2025-05-28T08:41:01.395-03:00  INFO 13572 --- [Gaia] [    Test worker] org.hibernate.Version                    : HHH000412: Hibernate ORM core version 6.4.8.Final
2025-05-28T08:41:01.415-03:00  INFO 13572 --- [Gaia] [    Test worker] o.h.c.internal.RegionFactoryInitiator    : HHH000026: Second-level cache disabled
2025-05-28T08:41:01.536-03:00  INFO 13572 --- [Gaia] [    Test worker] o.s.o.j.p.SpringPersistenceUnitInfo      : No LoadTimeWeaver setup: ignoring JPA class transformer
2025-05-28T08:41:01.976-03:00  INFO 13572 --- [Gaia] [    Test worker] o.h.e.t.j.p.i.JtaPlatformInitiator       : HHH000489: No JTA platform available (set 'hibernate.transaction.jta.platform' to enable JTA platform integration)
2025-05-28T08:41:01.999-03:00  INFO 13572 --- [Gaia] [    Test worker] j.LocalContainerEntityManagerFactoryBean : Initialized JPA EntityManagerFactory for persistence unit 'default'
2025-05-28T08:41:02.319-03:00  WARN 13572 --- [Gaia] [    Test worker] JpaBaseConfiguration$JpaWebConfiguration : spring.jpa.open-in-view is enabled by default. Therefore, database queries may be performed during view rendering. Explicitly configure spring.jpa.open-in-view to disable this warning
2025-05-28T08:41:02.662-03:00  INFO 13572 --- [Gaia] [    Test worker] b.com.fiap.Gs.Gaia.GaiaApplicationTests  : Started GaiaApplicationTests in 2.268 seconds (process running for 2.808)
]]></system-out>
  <system-err><![CDATA[]]></system-err>
</testsuite>
